This file contains any messages produced by compilers while
running configure, to aid debugging if configure makes a mistake.

It was created by cope configure 1.1.2, which was
generated by GNU Autoconf 2.59.  Invocation command line was

  $ ./configure --prefix=/Users/jingming/Code/GitHub/IMonitor/IMonitor-1.4.5/src

## --------- ##
## Platform. ##
## --------- ##

hostname = Mings-MacBook-Pro-2.local
uname -m = x86_64
uname -r = 20.6.0
uname -s = Darwin
uname -v = Darwin Kernel Version 20.6.0: Thu Jul  6 22:12:47 PDT 2023; root:xnu-7195.141.49.702.12~1/RELEASE_X86_64

/usr/bin/uname -p = i386
/bin/uname -X     = unknown

/bin/arch              = unknown
/usr/bin/arch -k       = unknown
/usr/convex/getsysinfo = unknown
hostinfo               = Mach kernel version:
	 Darwin Kernel Version 20.6.0: Thu Jul  6 22:12:47 PDT 2023; root:xnu-7195.141.49.702.12~1/RELEASE_X86_64
Kernel configured for up to 4 processors.
2 processors are physically available.
4 processors are logically available.
Processor type: x86_64h (Intel x86-64h Haswell)
Processors active: 0 1 2 3
Primary memory available: 8.00 gigabytes
Default processor set: 508 tasks, 2207 threads, 4 processors
Load average: 1.90, Mach factor: 2.21
/bin/machine           = unknown
/usr/bin/oslevel       = unknown
/bin/universe          = unknown

PATH: /Users/jingming/opt/fabric-samples/bin
PATH: /Users/jingming/go/bin
PATH: /Users/jingming/bin
PATH: /Users/jingming/.rbenv/shims
PATH: /usr/local/bin
PATH: /usr/local/bin
PATH: /usr/bin
PATH: /bin
PATH: /usr/sbin
PATH: /sbin
PATH: /Library/TeX/texbin
PATH: /usr/local/share/dotnet
PATH: /opt/X11/bin
PATH: ~/.dotnet/tools
PATH: /Library/Apple/usr/bin
PATH: /Library/Frameworks/Mono.framework/Versions/Current/Commands


## ----------- ##
## Core tests. ##
## ----------- ##

configure:1359: checking for a BSD-compatible install
configure:1414: result: /usr/local/bin/ginstall -c
configure:1425: checking whether build environment is sane
configure:1468: result: yes
configure:1533: checking for gawk
configure:1562: result: no
configure:1533: checking for mawk
configure:1562: result: no
configure:1533: checking for nawk
configure:1562: result: no
configure:1533: checking for awk
configure:1549: found /usr/bin/awk
configure:1559: result: awk
configure:1569: checking whether make sets $(MAKE)
configure:1589: result: yes
configure:1814: checking for g++
configure:1830: found /usr/bin/g++
configure:1840: result: g++
configure:1856: checking for C++ compiler version
configure:1859: g++ --version </dev/null >&5
Configured with: --prefix=/Applications/Xcode.app/Contents/Developer/usr --with-gxx-include-dir=/Applications/Xcode.app/Contents/Developer/Platforms/MacOSX.platform/Developer/SDKs/MacOSX.sdk/usr/include/c++/4.2.1
Apple clang version 13.0.0 (clang-1300.0.29.30)
Target: x86_64-apple-darwin20.6.0
Thread model: posix
InstalledDir: /Applications/Xcode.app/Contents/Developer/Toolchains/XcodeDefault.xctoolchain/usr/bin
configure:1862: $? = 0
configure:1864: g++ -v </dev/null >&5
Configured with: --prefix=/Applications/Xcode.app/Contents/Developer/usr --with-gxx-include-dir=/Applications/Xcode.app/Contents/Developer/Platforms/MacOSX.platform/Developer/SDKs/MacOSX.sdk/usr/include/c++/4.2.1
Apple clang version 13.0.0 (clang-1300.0.29.30)
Target: x86_64-apple-darwin20.6.0
Thread model: posix
InstalledDir: /Applications/Xcode.app/Contents/Developer/Toolchains/XcodeDefault.xctoolchain/usr/bin
configure:1867: $? = 0
configure:1869: g++ -V </dev/null >&5
clang: error: argument to '-V' is missing (expected 1 value)
clang: error: no input files
configure:1872: $? = 1
configure:1895: checking for C++ compiler default output file name
configure:1898: g++    conftest.cc  >&5
configure:1901: $? = 0
configure:1947: result: a.out
configure:1952: checking whether the C++ compiler works
configure:1958: ./a.out
configure:1961: $? = 0
configure:1978: result: yes
configure:1985: checking whether we are cross compiling
configure:1987: result: no
configure:1990: checking for suffix of executables
configure:1992: g++ -o conftest    conftest.cc  >&5
configure:1995: $? = 0
configure:2020: result: 
configure:2026: checking for suffix of object files
configure:2047: g++ -c   conftest.cc >&5
configure:2050: $? = 0
configure:2072: result: o
configure:2076: checking whether we are using the GNU C++ compiler
configure:2100: g++ -c   conftest.cc >&5
configure:2106: $? = 0
configure:2110: test -z 
			 || test ! -s conftest.err
configure:2113: $? = 0
configure:2116: test -s conftest.o
configure:2119: $? = 0
configure:2132: result: yes
configure:2138: checking whether g++ accepts -g
configure:2159: g++ -c -g  conftest.cc >&5
configure:2165: $? = 0
configure:2169: test -z 
			 || test ! -s conftest.err
configure:2172: $? = 0
configure:2175: test -s conftest.o
configure:2178: $? = 0
configure:2189: result: yes
configure:2231: g++ -c -g -O2  conftest.cc >&5
configure:2237: $? = 0
configure:2241: test -z 
			 || test ! -s conftest.err
configure:2244: $? = 0
configure:2247: test -s conftest.o
configure:2250: $? = 0
configure:2276: g++ -c -g -O2  conftest.cc >&5
conftest.cc:15:1: error: use of undeclared identifier 'exit'
exit (42);
^
1 error generated.
configure:2282: $? = 1
configure: failed program was:
| /* confdefs.h.  */
| 
| #define PACKAGE_NAME "cope"
| #define PACKAGE_TARNAME "cope"
| #define PACKAGE_VERSION "1.1.2"
| #define PACKAGE_STRING "cope 1.1.2"
| #define PACKAGE_BUGREPORT ""
| #define PACKAGE "cope"
| #define VERSION "1.1.2"
| /* end confdefs.h.  */
| 
| int
| main ()
| {
| exit (42);
|   ;
|   return 0;
| }
configure:2231: g++ -c -g -O2  conftest.cc >&5
conftest.cc:11:17: error: use of undeclared identifier 'std'
extern "C" void std::exit (int) throw (); using std::exit;
                ^
conftest.cc:11:49: error: use of undeclared identifier 'std'
extern "C" void std::exit (int) throw (); using std::exit;
                                                ^
2 errors generated.
configure:2237: $? = 1
configure: failed program was:
| /* confdefs.h.  */
| 
| #define PACKAGE_NAME "cope"
| #define PACKAGE_TARNAME "cope"
| #define PACKAGE_VERSION "1.1.2"
| #define PACKAGE_STRING "cope 1.1.2"
| #define PACKAGE_BUGREPORT ""
| #define PACKAGE "cope"
| #define VERSION "1.1.2"
| /* end confdefs.h.  */
| extern "C" void std::exit (int) throw (); using std::exit;
| #include <stdlib.h>
| int
| main ()
| {
| exit (42);
|   ;
|   return 0;
| }
configure:2231: g++ -c -g -O2  conftest.cc >&5
conftest.cc:11:17: error: use of undeclared identifier 'std'
extern "C" void std::exit (int); using std::exit;
                ^
conftest.cc:11:40: error: use of undeclared identifier 'std'
extern "C" void std::exit (int); using std::exit;
                                       ^
2 errors generated.
configure:2237: $? = 1
configure: failed program was:
| /* confdefs.h.  */
| 
| #define PACKAGE_NAME "cope"
| #define PACKAGE_TARNAME "cope"
| #define PACKAGE_VERSION "1.1.2"
| #define PACKAGE_STRING "cope 1.1.2"
| #define PACKAGE_BUGREPORT ""
| #define PACKAGE "cope"
| #define VERSION "1.1.2"
| /* end confdefs.h.  */
| extern "C" void std::exit (int); using std::exit;
| #include <stdlib.h>
| int
| main ()
| {
| exit (42);
|   ;
|   return 0;
| }
configure:2231: g++ -c -g -O2  conftest.cc >&5
In file included from conftest.cc:12:
In file included from /Applications/Xcode.app/Contents/Developer/Platforms/MacOSX.platform/Developer/SDKs/MacOSX.sdk/usr/include/c++/v1/stdlib.h:93:
/Applications/Xcode.app/Contents/Developer/Platforms/MacOSX.platform/Developer/SDKs/MacOSX.sdk/usr/include/stdlib.h:145:7: error: 'exit' is missing exception specification 'throw()'
void     exit(int) __dead2;
         ^
conftest.cc:11:17: note: previous declaration is here
extern "C" void exit (int) throw ();
                ^
1 error generated.
configure:2237: $? = 1
configure: failed program was:
| /* confdefs.h.  */
| 
| #define PACKAGE_NAME "cope"
| #define PACKAGE_TARNAME "cope"
| #define PACKAGE_VERSION "1.1.2"
| #define PACKAGE_STRING "cope 1.1.2"
| #define PACKAGE_BUGREPORT ""
| #define PACKAGE "cope"
| #define VERSION "1.1.2"
| /* end confdefs.h.  */
| extern "C" void exit (int) throw ();
| #include <stdlib.h>
| int
| main ()
| {
| exit (42);
|   ;
|   return 0;
| }
configure:2231: g++ -c -g -O2  conftest.cc >&5
configure:2237: $? = 0
configure:2241: test -z 
			 || test ! -s conftest.err
configure:2244: $? = 0
configure:2247: test -s conftest.o
configure:2250: $? = 0
configure:2276: g++ -c -g -O2  conftest.cc >&5
configure:2282: $? = 0
configure:2286: test -z 
			 || test ! -s conftest.err
configure:2289: $? = 0
configure:2292: test -s conftest.o
configure:2295: $? = 0
configure:2329: checking for style of include used by make
configure:2357: result: GNU
configure:2385: checking dependency style of g++
configure:2475: result: gcc3
configure:2538: checking for gcc
configure:2554: found /usr/bin/gcc
configure:2564: result: gcc
configure:2808: checking for C compiler version
configure:2811: gcc --version </dev/null >&5
Configured with: --prefix=/Applications/Xcode.app/Contents/Developer/usr --with-gxx-include-dir=/Applications/Xcode.app/Contents/Developer/Platforms/MacOSX.platform/Developer/SDKs/MacOSX.sdk/usr/include/c++/4.2.1
Apple clang version 13.0.0 (clang-1300.0.29.30)
Target: x86_64-apple-darwin20.6.0
Thread model: posix
InstalledDir: /Applications/Xcode.app/Contents/Developer/Toolchains/XcodeDefault.xctoolchain/usr/bin
configure:2814: $? = 0
configure:2816: gcc -v </dev/null >&5
Configured with: --prefix=/Applications/Xcode.app/Contents/Developer/usr --with-gxx-include-dir=/Applications/Xcode.app/Contents/Developer/Platforms/MacOSX.platform/Developer/SDKs/MacOSX.sdk/usr/include/c++/4.2.1
Apple clang version 13.0.0 (clang-1300.0.29.30)
Target: x86_64-apple-darwin20.6.0
Thread model: posix
InstalledDir: /Applications/Xcode.app/Contents/Developer/Toolchains/XcodeDefault.xctoolchain/usr/bin
configure:2819: $? = 0
configure:2821: gcc -V </dev/null >&5
clang: error: argument to '-V' is missing (expected 1 value)
clang: error: no input files
configure:2824: $? = 1
configure:2827: checking whether we are using the GNU C compiler
configure:2851: gcc -c   conftest.c >&5
configure:2857: $? = 0
configure:2861: test -z 
			 || test ! -s conftest.err
configure:2864: $? = 0
configure:2867: test -s conftest.o
configure:2870: $? = 0
configure:2883: result: yes
configure:2889: checking whether gcc accepts -g
configure:2910: gcc -c -g  conftest.c >&5
configure:2916: $? = 0
configure:2920: test -z 
			 || test ! -s conftest.err
configure:2923: $? = 0
configure:2926: test -s conftest.o
configure:2929: $? = 0
configure:2940: result: yes
configure:2957: checking for gcc option to accept ANSI C
configure:3027: gcc  -c -g -O2  conftest.c >&5
configure:3033: $? = 0
configure:3037: test -z 
			 || test ! -s conftest.err
configure:3040: $? = 0
configure:3043: test -s conftest.o
configure:3046: $? = 0
configure:3064: result: none needed
configure:3082: gcc -c -g -O2  conftest.c >&5
conftest.c:2:3: error: unknown type name 'choke'
  choke me
  ^
conftest.c:2:11: error: expected ';' after top level declarator
  choke me
          ^
          ;
2 errors generated.
configure:3088: $? = 1
configure: failed program was:
| #ifndef __cplusplus
|   choke me
| #endif
configure:3223: checking dependency style of gcc
configure:3313: result: gcc3
configure:3334: checking for main in -lz
configure:3358: gcc -o conftest -g -O2   conftest.c -lz   >&5
configure:3364: $? = 0
configure:3368: test -z 
			 || test ! -s conftest.err
configure:3371: $? = 0
configure:3374: test -s conftest
configure:3377: $? = 0
configure:3390: result: yes
configure:3408: checking how to run the C preprocessor
configure:3443: gcc -E  conftest.c
configure:3449: $? = 0
configure:3481: gcc -E  conftest.c
conftest.c:15:10: fatal error: 'ac_nonexistent.h' file not found
#include <ac_nonexistent.h>
         ^~~~~~~~~~~~~~~~~~
1 error generated.
configure:3487: $? = 1
configure: failed program was:
| /* confdefs.h.  */
| 
| #define PACKAGE_NAME "cope"
| #define PACKAGE_TARNAME "cope"
| #define PACKAGE_VERSION "1.1.2"
| #define PACKAGE_STRING "cope 1.1.2"
| #define PACKAGE_BUGREPORT ""
| #define PACKAGE "cope"
| #define VERSION "1.1.2"
| #ifdef __cplusplus
| extern "C" void exit (int);
| #endif
| #define HAVE_LIBZ 1
| /* end confdefs.h.  */
| #include <ac_nonexistent.h>
configure:3526: result: gcc -E
configure:3550: gcc -E  conftest.c
configure:3556: $? = 0
configure:3588: gcc -E  conftest.c
conftest.c:15:10: fatal error: 'ac_nonexistent.h' file not found
#include <ac_nonexistent.h>
         ^~~~~~~~~~~~~~~~~~
1 error generated.
configure:3594: $? = 1
configure: failed program was:
| /* confdefs.h.  */
| 
| #define PACKAGE_NAME "cope"
| #define PACKAGE_TARNAME "cope"
| #define PACKAGE_VERSION "1.1.2"
| #define PACKAGE_STRING "cope 1.1.2"
| #define PACKAGE_BUGREPORT ""
| #define PACKAGE "cope"
| #define VERSION "1.1.2"
| #ifdef __cplusplus
| extern "C" void exit (int);
| #endif
| #define HAVE_LIBZ 1
| /* end confdefs.h.  */
| #include <ac_nonexistent.h>
configure:3638: checking for egrep
configure:3648: result: grep -E
configure:3653: checking for ANSI C header files
configure:3678: gcc -c -g -O2  conftest.c >&5
configure:3684: $? = 0
configure:3688: test -z 
			 || test ! -s conftest.err
configure:3691: $? = 0
configure:3694: test -s conftest.o
configure:3697: $? = 0
configure:3786: gcc -o conftest -g -O2   conftest.c -lz  >&5
conftest.c:32:7: error: implicitly declaring library function 'exit' with type 'void (int) __attribute__((noreturn))' [-Werror,-Wimplicit-function-declaration]
      exit(2);
      ^
conftest.c:32:7: note: include the header <stdlib.h> or explicitly provide a declaration for 'exit'
1 error generated.
configure:3789: $? = 1
configure: program exited with status 1
configure: failed program was:
| /* confdefs.h.  */
| 
| #define PACKAGE_NAME "cope"
| #define PACKAGE_TARNAME "cope"
| #define PACKAGE_VERSION "1.1.2"
| #define PACKAGE_STRING "cope 1.1.2"
| #define PACKAGE_BUGREPORT ""
| #define PACKAGE "cope"
| #define VERSION "1.1.2"
| #ifdef __cplusplus
| extern "C" void exit (int);
| #endif
| #define HAVE_LIBZ 1
| /* end confdefs.h.  */
| #include <ctype.h>
| #if ((' ' & 0x0FF) == 0x020)
| # define ISLOWER(c) ('a' <= (c) && (c) <= 'z')
| # define TOUPPER(c) (ISLOWER(c) ? 'A' + ((c) - 'a') : (c))
| #else
| # define ISLOWER(c) 		   (('a' <= (c) && (c) <= 'i') 		     || ('j' <= (c) && (c) <= 'r') 		     || ('s' <= (c) && (c) <= 'z'))
| # define TOUPPER(c) (ISLOWER(c) ? ((c) | 0x40) : (c))
| #endif
| 
| #define XOR(e, f) (((e) && !(f)) || (!(e) && (f)))
| int
| main ()
| {
|   int i;
|   for (i = 0; i < 256; i++)
|     if (XOR (islower (i), ISLOWER (i))
| 	|| toupper (i) != TOUPPER (i))
|       exit(2);
|   exit (0);
| }
configure:3809: result: no
configure:3833: checking for sys/types.h
configure:3849: gcc -c -g -O2  conftest.c >&5
configure:3855: $? = 0
configure:3859: test -z 
			 || test ! -s conftest.err
configure:3862: $? = 0
configure:3865: test -s conftest.o
configure:3868: $? = 0
configure:3879: result: yes
configure:3833: checking for sys/stat.h
configure:3849: gcc -c -g -O2  conftest.c >&5
configure:3855: $? = 0
configure:3859: test -z 
			 || test ! -s conftest.err
configure:3862: $? = 0
configure:3865: test -s conftest.o
configure:3868: $? = 0
configure:3879: result: yes
configure:3833: checking for stdlib.h
configure:3849: gcc -c -g -O2  conftest.c >&5
configure:3855: $? = 0
configure:3859: test -z 
			 || test ! -s conftest.err
configure:3862: $? = 0
configure:3865: test -s conftest.o
configure:3868: $? = 0
configure:3879: result: yes
configure:3833: checking for string.h
configure:3849: gcc -c -g -O2  conftest.c >&5
configure:3855: $? = 0
configure:3859: test -z 
			 || test ! -s conftest.err
configure:3862: $? = 0
configure:3865: test -s conftest.o
configure:3868: $? = 0
configure:3879: result: yes
configure:3833: checking for memory.h
configure:3849: gcc -c -g -O2  conftest.c >&5
configure:3855: $? = 0
configure:3859: test -z 
			 || test ! -s conftest.err
configure:3862: $? = 0
configure:3865: test -s conftest.o
configure:3868: $? = 0
configure:3879: result: yes
configure:3833: checking for strings.h
configure:3849: gcc -c -g -O2  conftest.c >&5
configure:3855: $? = 0
configure:3859: test -z 
			 || test ! -s conftest.err
configure:3862: $? = 0
configure:3865: test -s conftest.o
configure:3868: $? = 0
configure:3879: result: yes
configure:3833: checking for inttypes.h
configure:3849: gcc -c -g -O2  conftest.c >&5
configure:3855: $? = 0
configure:3859: test -z 
			 || test ! -s conftest.err
configure:3862: $? = 0
configure:3865: test -s conftest.o
configure:3868: $? = 0
configure:3879: result: yes
configure:3833: checking for stdint.h
configure:3849: gcc -c -g -O2  conftest.c >&5
configure:3855: $? = 0
configure:3859: test -z 
			 || test ! -s conftest.err
configure:3862: $? = 0
configure:3865: test -s conftest.o
configure:3868: $? = 0
configure:3879: result: yes
configure:3833: checking for unistd.h
configure:3849: gcc -c -g -O2  conftest.c >&5
configure:3855: $? = 0
configure:3859: test -z 
			 || test ! -s conftest.err
configure:3862: $? = 0
configure:3865: test -s conftest.o
configure:3868: $? = 0
configure:3879: result: yes
configure:3896: checking for string.h
configure:3901: result: yes
configure:4043: checking for stdbool.h that conforms to C99
configure:4096: gcc -c -g -O2  conftest.c >&5
conftest.c:52:12: warning: address of 's' will always evaluate to 'true' [-Wpointer-bool-conversion]
        bool e = &s;
             ~    ^
conftest.c:61:50: warning: address of array 'i' will always evaluate to 'true' [-Wpointer-bool-conversion]
 return !a + !b + !c + !d + !e + !f + !g + !h + !i;
                                                ~^
conftest.c:61:45: warning: address of array 'h' will always evaluate to 'true' [-Wpointer-bool-conversion]
 return !a + !b + !c + !d + !e + !f + !g + !h + !i;
                                           ~^
conftest.c:61:40: warning: address of array 'g' will always evaluate to 'true' [-Wpointer-bool-conversion]
 return !a + !b + !c + !d + !e + !f + !g + !h + !i;
                                      ~^
conftest.c:61:35: warning: address of array 'f' will always evaluate to 'true' [-Wpointer-bool-conversion]
 return !a + !b + !c + !d + !e + !f + !g + !h + !i;
                                 ~^
conftest.c:61:25: warning: address of array 'd' will always evaluate to 'true' [-Wpointer-bool-conversion]
 return !a + !b + !c + !d + !e + !f + !g + !h + !i;
                       ~^
conftest.c:61:20: warning: address of array 'c' will always evaluate to 'true' [-Wpointer-bool-conversion]
 return !a + !b + !c + !d + !e + !f + !g + !h + !i;
                  ~^
conftest.c:61:15: warning: address of array 'b' will always evaluate to 'true' [-Wpointer-bool-conversion]
 return !a + !b + !c + !d + !e + !f + !g + !h + !i;
             ~^
conftest.c:61:10: warning: address of array 'a' will always evaluate to 'true' [-Wpointer-bool-conversion]
 return !a + !b + !c + !d + !e + !f + !g + !h + !i;
        ~^
9 warnings generated.
configure:4102: $? = 0
configure:4106: test -z 
			 || test ! -s conftest.err
configure:4109: $? = 0
configure:4112: test -s conftest.o
configure:4115: $? = 0
configure:4126: result: yes
configure:4128: checking for _Bool
configure:4152: gcc -c -g -O2  conftest.c >&5
configure:4158: $? = 0
configure:4162: test -z 
			 || test ! -s conftest.err
configure:4165: $? = 0
configure:4168: test -s conftest.o
configure:4171: $? = 0
configure:4182: result: yes
configure:4201: checking for an ANSI C-conforming const
configure:4268: gcc -c -g -O2  conftest.c >&5
configure:4274: $? = 0
configure:4278: test -z 
			 || test ! -s conftest.err
configure:4281: $? = 0
configure:4284: test -s conftest.o
configure:4287: $? = 0
configure:4298: result: yes
configure:4308: checking for inline
configure:4329: gcc -c -g -O2  conftest.c >&5
configure:4335: $? = 0
configure:4339: test -z 
			 || test ! -s conftest.err
configure:4342: $? = 0
configure:4345: test -s conftest.o
configure:4348: $? = 0
configure:4360: result: inline
configure:4386: checking for stdlib.h
configure:4391: result: yes
configure:4531: checking for GNU libc compatible malloc
configure:4560: gcc -o conftest -g -O2   conftest.c -lz  >&5
configure:4563: $? = 0
configure:4565: ./conftest
configure:4568: $? = 0
configure:4582: result: yes
configure:4617: checking for stdlib.h
configure:4622: result: yes
configure:4762: checking for GNU libc compatible realloc
configure:4791: gcc -o conftest -g -O2   conftest.c -lz  >&5
configure:4794: $? = 0
configure:4796: ./conftest
configure:4799: $? = 0
configure:4813: result: yes
configure:4849: checking for memset
configure:4906: gcc -o conftest -g -O2   conftest.c -lz  >&5
conftest.c:55:6: warning: incompatible redeclaration of library function 'memset' [-Wincompatible-library-redeclaration]
char memset ();
     ^
conftest.c:55:6: note: 'memset' is a builtin with type 'void *(void *, int, unsigned long)'
1 warning generated.
configure:4912: $? = 0
configure:4916: test -z 
			 || test ! -s conftest.err
configure:4919: $? = 0
configure:4922: test -s conftest
configure:4925: $? = 0
configure:4937: result: yes
configure:4849: checking for pow
configure:4906: gcc -o conftest -g -O2   conftest.c -lz  >&5
conftest.c:56:6: warning: incompatible redeclaration of library function 'pow' [-Wincompatible-library-redeclaration]
char pow ();
     ^
conftest.c:56:6: note: 'pow' is a builtin with type 'double (double, double)'
1 warning generated.
configure:4912: $? = 0
configure:4916: test -z 
			 || test ! -s conftest.err
configure:4919: $? = 0
configure:4922: test -s conftest
configure:4925: $? = 0
configure:4937: result: yes
configure:4849: checking for sqrt
configure:4906: gcc -o conftest -g -O2   conftest.c -lz  >&5
conftest.c:57:6: warning: incompatible redeclaration of library function 'sqrt' [-Wincompatible-library-redeclaration]
char sqrt ();
     ^
conftest.c:57:6: note: 'sqrt' is a builtin with type 'double (double)'
1 warning generated.
configure:4912: $? = 0
configure:4916: test -z 
			 || test ! -s conftest.err
configure:4919: $? = 0
configure:4922: test -s conftest
configure:4925: $? = 0
configure:4937: result: yes
configure:5064: creating ./config.status

## ---------------------- ##
## Running config.status. ##
## ---------------------- ##

This file was extended by cope config.status 1.1.2, which was
generated by GNU Autoconf 2.59.  Invocation command line was

  CONFIG_FILES    = 
  CONFIG_HEADERS  = 
  CONFIG_LINKS    = 
  CONFIG_COMMANDS = 
  $ ./config.status 

on Mings-MacBook-Pro-2.local

config.status:696: creating Makefile
config.status:696: creating src/Makefile
config.status:800: creating config.h
config.status:926: config.h is unchanged
config.status:1106: executing depfiles commands

## ---------------- ##
## Cache variables. ##
## ---------------- ##

ac_cv_c_compiler_gnu=yes
ac_cv_c_const=yes
ac_cv_c_inline=inline
ac_cv_cxx_compiler_gnu=yes
ac_cv_env_CC_set=
ac_cv_env_CC_value=
ac_cv_env_CFLAGS_set=
ac_cv_env_CFLAGS_value=
ac_cv_env_CPPFLAGS_set=
ac_cv_env_CPPFLAGS_value=
ac_cv_env_CPP_set=
ac_cv_env_CPP_value=
ac_cv_env_CXXFLAGS_set=
ac_cv_env_CXXFLAGS_value=
ac_cv_env_CXX_set=
ac_cv_env_CXX_value=
ac_cv_env_LDFLAGS_set=
ac_cv_env_LDFLAGS_value=
ac_cv_env_build_alias_set=
ac_cv_env_build_alias_value=
ac_cv_env_host_alias_set=
ac_cv_env_host_alias_value=
ac_cv_env_target_alias_set=
ac_cv_env_target_alias_value=
ac_cv_exeext=
ac_cv_func_malloc_0_nonnull=yes
ac_cv_func_memset=yes
ac_cv_func_pow=yes
ac_cv_func_realloc_0_nonnull=yes
ac_cv_func_sqrt=yes
ac_cv_header_inttypes_h=yes
ac_cv_header_memory_h=yes
ac_cv_header_stdbool_h=yes
ac_cv_header_stdc=no
ac_cv_header_stdint_h=yes
ac_cv_header_stdlib_h=yes
ac_cv_header_string_h=yes
ac_cv_header_strings_h=yes
ac_cv_header_sys_stat_h=yes
ac_cv_header_sys_types_h=yes
ac_cv_header_unistd_h=yes
ac_cv_lib_z_main=yes
ac_cv_objext=o
ac_cv_path_install='/usr/local/bin/ginstall -c'
ac_cv_prog_AWK=awk
ac_cv_prog_CPP='gcc -E'
ac_cv_prog_ac_ct_CC=gcc
ac_cv_prog_ac_ct_CXX=g++
ac_cv_prog_cc_g=yes
ac_cv_prog_cc_stdc=
ac_cv_prog_cxx_g=yes
ac_cv_prog_egrep='grep -E'
ac_cv_prog_make_make_set=yes
ac_cv_type__Bool=yes
am_cv_CC_dependencies_compiler_type=gcc3
am_cv_CXX_dependencies_compiler_type=gcc3

## ----------------- ##
## Output variables. ##
## ----------------- ##

ACLOCAL='${SHELL} /Users/jingming/Code/GitHub/IMonitor/IMonitor-1.4.5/src/src/cope/missing --run aclocal-1.9'
AMDEPBACKSLASH='\'
AMDEP_FALSE='#'
AMDEP_TRUE=''
AMTAR='${SHELL} /Users/jingming/Code/GitHub/IMonitor/IMonitor-1.4.5/src/src/cope/missing --run tar'
AUTOCONF='${SHELL} /Users/jingming/Code/GitHub/IMonitor/IMonitor-1.4.5/src/src/cope/missing --run autoconf'
AUTOHEADER='${SHELL} /Users/jingming/Code/GitHub/IMonitor/IMonitor-1.4.5/src/src/cope/missing --run autoheader'
AUTOMAKE='${SHELL} /Users/jingming/Code/GitHub/IMonitor/IMonitor-1.4.5/src/src/cope/missing --run automake-1.9'
AWK='awk'
CC='gcc'
CCDEPMODE='depmode=gcc3'
CFLAGS='-g -O2'
CPP='gcc -E'
CPPFLAGS=''
CXX='g++'
CXXDEPMODE='depmode=gcc3'
CXXFLAGS='-g -O2'
CYGPATH_W='echo'
DEFS='-DHAVE_CONFIG_H'
DEPDIR='.deps'
ECHO_C='ECHO_N=''
ECHO_T=''
EGREP='grep -E'
EXEEXT=''
INSTALL_DATA='${INSTALL} -m 644'
INSTALL_PROGRAM='${INSTALL}'
INSTALL_SCRIPT='${INSTALL}'
INSTALL_STRIP_PROGRAM='${SHELL} $(install_sh) -c -s'
LDFLAGS=''
LIBOBJS=''
LIBS='-lz '
LTLIBOBJS=''
MAKEINFO='${SHELL} /Users/jingming/Code/GitHub/IMonitor/IMonitor-1.4.5/src/src/cope/missing --run makeinfo'
OBJEXT='o'
PACKAGE='cope'
PACKAGE_BUGREPORT=''
PACKAGE_NAME='cope'
PACKAGE_STRING='cope 1.1.2'
PACKAGE_TARNAME='cope'
PACKAGE_VERSION='1.1.2'
PATH_SEPARATOR=':'
SET_MAKE=''
SHELL='/bin/sh'
STRIP=''
VERSION='1.1.2'
ac_ct_CC='gcc'
ac_ct_CXX='g++'
ac_ct_STRIP=''
am__fastdepCC_FALSE='#'
am__fastdepCC_TRUE=''
am__fastdepCXX_FALSE='#'
am__fastdepCXX_TRUE=''
am__include='include'
am__leading_dot='.'
am__quote=''
am__tar='${AMTAR} chof - "$$tardir"'
am__untar='${AMTAR} xf -'
bindir='${exec_prefix}/bin'
build_alias=''
datadir='${prefix}/share'
exec_prefix='${prefix}'
host_alias=''
includedir='${prefix}/include'
infodir='${prefix}/info'
install_sh='/Users/jingming/Code/GitHub/IMonitor/IMonitor-1.4.5/src/src/cope/install-sh'
libdir='${exec_prefix}/lib'
libexecdir='${exec_prefix}/libexec'
localstatedir='${prefix}/var'
mandir='${prefix}/man'
mkdir_p='$(install_sh) -d'
oldincludedir='/usr/include'
prefix='/Users/jingming/Code/GitHub/IMonitor/IMonitor-1.4.5/src'
program_transform_name='s,x,x,'
sbindir='${exec_prefix}/sbin'
sharedstatedir='${prefix}/com'
sysconfdir='${prefix}/etc'
target_alias=''

## ----------- ##
## confdefs.h. ##
## ----------- ##

#define HAVE_INTTYPES_H 1
#define HAVE_LIBZ 1
#define HAVE_MALLOC 1
#define HAVE_MEMORY_H 1
#define HAVE_MEMSET 1
#define HAVE_POW 1
#define HAVE_REALLOC 1
#define HAVE_SQRT 1
#define HAVE_STDBOOL_H 1
#define HAVE_STDINT_H 1
#define HAVE_STDLIB_H 1
#define HAVE_STDLIB_H 1
#define HAVE_STDLIB_H 1
#define HAVE_STRINGS_H 1
#define HAVE_STRING_H 1
#define HAVE_STRING_H 1
#define HAVE_SYS_STAT_H 1
#define HAVE_SYS_TYPES_H 1
#define HAVE_UNISTD_H 1
#define HAVE__BOOL 1
#define PACKAGE "cope"
#define PACKAGE_BUGREPORT ""
#define PACKAGE_NAME "cope"
#define PACKAGE_STRING "cope 1.1.2"
#define PACKAGE_TARNAME "cope"
#define PACKAGE_VERSION "1.1.2"
#define VERSION "1.1.2"
#endif
#ifdef __cplusplus
extern "C" void exit (int);

configure: exit 0
